AH00558: apache2: Could not reliably determine the server's fully qualified domain name, using 172.29.0.3. Set the 'ServerName' directive globally to suppress this message
[Mon Apr 26 03:43:39.801920 2021] [mpm_prefork:notice] [pid 1] AH00163: Apache/2.4.38 (Debian) PHP/8.0.3 configured -- resuming normal operations
[Mon Apr 26 03:43:39.802021 2021] [core:notice] [pid 1] AH00094: Command line: 'apache2 -D FOREGROUND'
[Mon Apr 26 03:43:48.569567 2021] [autoindex:error] [pid 17] [client 172.29.0.1:51728] AH01276: Cannot serve directory /var/www/html/: No matching DirectoryIndex (index.php,index.html) found, and server-generated directory index forbidden by Options directive
[Mon Apr 26 03:45:04.316409 2021] [mpm_prefork:notice] [pid 1] AH00170: caught SIGWINCH, shutting down gracefully
AH00558: apache2: Could not reliably determine the server's fully qualified domain name, using 172.30.0.3. Set the 'ServerName' directive globally to suppress this message
[Mon Apr 26 03:45:14.471600 2021] [mpm_prefork:notice] [pid 1] AH00163: Apache/2.4.38 (Debian) PHP/8.0.3 configured -- resuming normal operations
[Mon Apr 26 03:45:14.471671 2021] [core:notice] [pid 1] AH00094: Command line: 'apache2 -D FOREGROUND'
[Mon Apr 26 03:45:30.308015 2021] [autoindex:error] [pid 16] [client 172.30.0.1:49596] AH01276: Cannot serve directory /var/www/: No matching DirectoryIndex (index.php,index.html) found, and server-generated directory index forbidden by Options directive
[Mon Apr 26 03:45:31.961407 2021] [autoindex:error] [pid 16] [client 172.30.0.1:49596] AH01276: Cannot serve directory /var/www/: No matching DirectoryIndex (index.php,index.html) found, and server-generated directory index forbidden by Options directive
[Mon Apr 26 03:46:31.390689 2021] [mpm_prefork:notice] [pid 1] AH00170: caught SIGWINCH, shutting down gracefully
AH00558: apache2: Could not reliably determine the server's fully qualified domain name, using 172.31.0.4. Set the 'ServerName' directive globally to suppress this message
[Mon Apr 26 03:46:43.350057 2021] [mpm_prefork:notice] [pid 1] AH00163: Apache/2.4.38 (Debian) PHP/8.0.3 configured -- resuming normal operations
[Mon Apr 26 03:46:43.350116 2021] [core:notice] [pid 1] AH00094: Command line: 'apache2 -D FOREGROUND'
[Mon Apr 26 03:47:36.904874 2021] [mpm_prefork:notice] [pid 1] AH00170: caught SIGWINCH, shutting down gracefully
AH00558: apache2: Could not reliably determine the server's fully qualified domain name, using 192.168.32.3. Set the 'ServerName' directive globally to suppress this message
[Mon Apr 26 03:47:49.605344 2021] [mpm_prefork:notice] [pid 1] AH00163: Apache/2.4.38 (Debian) PHP/8.0.3 configured -- resuming normal operations
[Mon Apr 26 03:47:49.605406 2021] [core:notice] [pid 1] AH00094: Command line: 'apache2 -D FOREGROUND'
[Mon Apr 26 03:50:27.691758 2021] [mpm_prefork:notice] [pid 1] AH00170: caught SIGWINCH, shutting down gracefully
AH00558: apache2: Could not reliably determine the server's fully qualified domain name, using 192.168.64.3. Set the 'ServerName' directive globally to suppress this message
[Mon Apr 26 03:53:37.374470 2021] [mpm_prefork:notice] [pid 1] AH00163: Apache/2.4.38 (Debian) PHP/8.0.3 configured -- resuming normal operations
[Mon Apr 26 03:53:37.374538 2021] [core:notice] [pid 1] AH00094: Command line: 'apache2 -D FOREGROUND'
[Mon Apr 26 03:54:25.342793 2021] [mpm_prefork:notice] [pid 1] AH00170: caught SIGWINCH, shutting down gracefully
AH00558: apache2: Could not reliably determine the server's fully qualified domain name, using 192.168.160.3. Set the 'ServerName' directive globally to suppress this message
[Mon Apr 26 04:04:53.318166 2021] [mpm_prefork:notice] [pid 1] AH00163: Apache/2.4.38 (Debian) PHP/8.0.3 configured -- resuming normal operations
[Mon Apr 26 04:04:53.318279 2021] [core:notice] [pid 1] AH00094: Command line: 'apache2 -D FOREGROUND'
[Mon Apr 26 04:09:10.991733 2021] [mpm_prefork:notice] [pid 1] AH00170: caught SIGWINCH, shutting down gracefully
AH00558: apache2: Could not reliably determine the server's fully qualified domain name, using 192.168.192.4. Set the 'ServerName' directive globally to suppress this message
[Mon Apr 26 04:11:36.172987 2021] [mpm_prefork:notice] [pid 1] AH00163: Apache/2.4.38 (Debian) PHP/8.0.3 configured -- resuming normal operations
[Mon Apr 26 04:11:36.173047 2021] [core:notice] [pid 1] AH00094: Command line: 'apache2 -D FOREGROUND'
[Mon Apr 26 04:13:29.170449 2021] [mpm_prefork:notice] [pid 1] AH00170: caught SIGWINCH, shutting down gracefully
AH00558: apache2: Could not reliably determine the server's fully qualified domain name, using 192.168.208.4. Set the 'ServerName' directive globally to suppress this message
[Mon Apr 26 04:13:48.464904 2021] [mpm_prefork:notice] [pid 1] AH00163: Apache/2.4.38 (Debian) PHP/8.0.3 configured -- resuming normal operations
[Mon Apr 26 04:13:48.464958 2021] [core:notice] [pid 1] AH00094: Command line: 'apache2 -D FOREGROUND'
